  Bullet.cpp
C:\Users\GEED\Downloads\TowerD\TowerD\Bullet.h(34,12): warning C4244: 'initializing': conversion from 'int' to 'float', possible loss of data
  (compiling source file 'Bullet.cpp')
  
C:\Users\GEED\Downloads\TowerD\TowerD\Bullet.h(34,23): warning C4244: 'initializing': conversion from 'int' to 'float', possible loss of data
  (compiling source file 'Bullet.cpp')
  
C:\Users\GEED\Downloads\TowerD\TowerD\Bullet.h(36,25): warning C4244: 'initializing': conversion from 'int' to 'float', possible loss of data
  (compiling source file 'Bullet.cpp')
  
C:\Users\GEED\Downloads\TowerD\TowerD\Bullet.h(37,25): warning C4244: 'initializing': conversion from 'int' to 'float', possible loss of data
  (compiling source file 'Bullet.cpp')
  
  ConsoleSetting.cpp
  Enemy.cpp
C:\Users\GEED\Downloads\TowerD\TowerD\Bullet.h(34,12): warning C4244: 'initializing': conversion from 'int' to 'float', possible loss of data
  (compiling source file 'Enemy.cpp')
  
C:\Users\GEED\Downloads\TowerD\TowerD\Bullet.h(34,23): warning C4244: 'initializing': conversion from 'int' to 'float', possible loss of data
  (compiling source file 'Enemy.cpp')
  
C:\Users\GEED\Downloads\TowerD\TowerD\Bullet.h(36,25): warning C4244: 'initializing': conversion from 'int' to 'float', possible loss of data
  (compiling source file 'Enemy.cpp')
  
C:\Users\GEED\Downloads\TowerD\TowerD\Bullet.h(37,25): warning C4244: 'initializing': conversion from 'int' to 'float', possible loss of data
  (compiling source file 'Enemy.cpp')
  
  Main.cpp
C:\Users\GEED\Downloads\TowerD\TowerD\Bullet.h(34,12): warning C4244: 'initializing': conversion from 'int' to 'float', possible loss of data
  (compiling source file 'Main.cpp')
  
C:\Users\GEED\Downloads\TowerD\TowerD\Bullet.h(34,23): warning C4244: 'initializing': conversion from 'int' to 'float', possible loss of data
  (compiling source file 'Main.cpp')
  
C:\Users\GEED\Downloads\TowerD\TowerD\Bullet.h(36,25): warning C4244: 'initializing': conversion from 'int' to 'float', possible loss of data
  (compiling source file 'Main.cpp')
  
C:\Users\GEED\Downloads\TowerD\TowerD\Bullet.h(37,25): warning C4244: 'initializing': conversion from 'int' to 'float', possible loss of data
  (compiling source file 'Main.cpp')
  
  Cpoint.cpp
  Ctool.cpp
C:\Users\GEED\Downloads\TowerD\TowerD\Ctool.cpp(13,19): warning C4838: conversion from 'int' to 'SHORT' requires a narrowing conversion
C:\Users\GEED\Downloads\TowerD\TowerD\Ctool.cpp(13,22): warning C4838: conversion from 'int' to 'SHORT' requires a narrowing conversion
  Map.cpp
C:\Users\GEED\Downloads\TowerD\TowerD\Map.cpp(18,17): warning C4566: character represented by universal-character-name '\u1EC3' cannot be represented in the current code page (1252)
C:\Users\GEED\Downloads\TowerD\TowerD\Map.cpp(18,17): warning C4566: character represented by universal-character-name '\u1EDF' cannot be represented in the current code page (1252)
  MouseControl.cpp
  Tower.cpp
C:\Users\GEED\Downloads\TowerD\TowerD\Bullet.h(34,12): warning C4244: 'initializing': conversion from 'int' to 'float', possible loss of data
  (compiling source file 'Tower.cpp')
  
C:\Users\GEED\Downloads\TowerD\TowerD\Bullet.h(34,23): warning C4244: 'initializing': conversion from 'int' to 'float', possible loss of data
  (compiling source file 'Tower.cpp')
  
C:\Users\GEED\Downloads\TowerD\TowerD\Bullet.h(36,25): warning C4244: 'initializing': conversion from 'int' to 'float', possible loss of data
  (compiling source file 'Tower.cpp')
  
C:\Users\GEED\Downloads\TowerD\TowerD\Bullet.h(37,25): warning C4244: 'initializing': conversion from 'int' to 'float', possible loss of data
  (compiling source file 'Tower.cpp')
  
  Generating Code...
  cmap.vcxproj -> C:\Users\GEED\Downloads\TowerD\TowerD\x64\Debug\cmap.exe
